2026-01-08 19:53:09,628 INFO: Iniciando aplicación Máquinas Medellín [in c:\Users\Andrés\Documents\GitHub\machinemanagementsystem\maquinas-medellin-frontend\app.py:65]
2026-01-08 19:53:09,712 INFO:    Host: localhost [in c:\Users\Andrés\Documents\GitHub\machinemanagementsystem\maquinas-medellin-frontend\app.py:306]
2026-01-08 19:53:09,712 INFO:    User: root [in c:\Users\Andrés\Documents\GitHub\machinemanagementsystem\maquinas-medellin-frontend\app.py:307]
2026-01-08 19:53:09,713 INFO:    Database: maquinasmedellin [in c:\Users\Andrés\Documents\GitHub\machinemanagementsystem\maquinas-medellin-frontend\app.py:308]
2026-01-08 19:53:09,713 INFO:    Port: 3306 [in c:\Users\Andrés\Documents\GitHub\machinemanagementsystem\maquinas-medellin-frontend\app.py:309]
2026-01-08 19:53:11,297 INFO: Iniciando aplicación Máquinas Medellín [in c:\Users\Andrés\Documents\GitHub\machinemanagementsystem\maquinas-medellin-frontend\app.py:65]
2026-01-08 19:53:11,313 INFO:    Host: localhost [in c:\Users\Andrés\Documents\GitHub\machinemanagementsystem\maquinas-medellin-frontend\app.py:306]
2026-01-08 19:53:11,314 INFO:    User: root [in c:\Users\Andrés\Documents\GitHub\machinemanagementsystem\maquinas-medellin-frontend\app.py:307]
2026-01-08 19:53:11,315 INFO:    Database: maquinasmedellin [in c:\Users\Andrés\Documents\GitHub\machinemanagementsystem\maquinas-medellin-frontend\app.py:308]
2026-01-08 19:53:11,316 INFO:    Port: 3306 [in c:\Users\Andrés\Documents\GitHub\machinemanagementsystem\maquinas-medellin-frontend\app.py:309]
2026-01-08 19:53:31,203 INFO: Iniciando aplicación Máquinas Medellín [in c:\Users\Andrés\Documents\GitHub\machinemanagementsystem\maquinas-medellin-frontend\app.py:65]
2026-01-08 19:53:31,216 INFO:    Host: localhost [in c:\Users\Andrés\Documents\GitHub\machinemanagementsystem\maquinas-medellin-frontend\app.py:306]
2026-01-08 19:53:31,217 INFO:    User: root [in c:\Users\Andrés\Documents\GitHub\machinemanagementsystem\maquinas-medellin-frontend\app.py:307]
2026-01-08 19:53:31,217 INFO:    Database: maquinasmedellin [in c:\Users\Andrés\Documents\GitHub\machinemanagementsystem\maquinas-medellin-frontend\app.py:308]
2026-01-08 19:53:31,218 INFO:    Port: 3306 [in c:\Users\Andrés\Documents\GitHub\machinemanagementsystem\maquinas-medellin-frontend\app.py:309]
2026-01-08 19:53:32,315 INFO: Iniciando aplicación Máquinas Medellín [in c:\Users\Andrés\Documents\GitHub\machinemanagementsystem\maquinas-medellin-frontend\app.py:65]
2026-01-08 19:53:32,328 INFO:    Host: localhost [in c:\Users\Andrés\Documents\GitHub\machinemanagementsystem\maquinas-medellin-frontend\app.py:306]
2026-01-08 19:53:32,329 INFO:    User: root [in c:\Users\Andrés\Documents\GitHub\machinemanagementsystem\maquinas-medellin-frontend\app.py:307]
2026-01-08 19:53:32,330 INFO:    Database: maquinasmedellin [in c:\Users\Andrés\Documents\GitHub\machinemanagementsystem\maquinas-medellin-frontend\app.py:308]
2026-01-08 19:53:32,330 INFO:    Port: 3306 [in c:\Users\Andrés\Documents\GitHub\machinemanagementsystem\maquinas-medellin-frontend\app.py:309]
2026-01-14 19:57:19,060 INFO: Iniciando aplicación Máquinas Medellín [in c:\Users\Andrés\Documents\GitHub\machinemanagementsystem\maquinas-medellin-frontend\app.py:65]
2026-01-14 19:57:19,068 INFO:    Host: localhost [in c:\Users\Andrés\Documents\GitHub\machinemanagementsystem\maquinas-medellin-frontend\app.py:306]
2026-01-14 19:57:19,069 INFO:    User: root [in c:\Users\Andrés\Documents\GitHub\machinemanagementsystem\maquinas-medellin-frontend\app.py:307]
2026-01-14 19:57:19,069 INFO:    Database: maquinasmedellin [in c:\Users\Andrés\Documents\GitHub\machinemanagementsystem\maquinas-medellin-frontend\app.py:308]
2026-01-14 19:57:19,070 INFO:    Port: 3306 [in c:\Users\Andrés\Documents\GitHub\machinemanagementsystem\maquinas-medellin-frontend\app.py:309]
2026-01-14 19:57:20,858 INFO: Iniciando aplicación Máquinas Medellín [in c:\Users\Andrés\Documents\GitHub\machinemanagementsystem\maquinas-medellin-frontend\app.py:65]
2026-01-14 19:57:20,866 INFO:    Host: localhost [in c:\Users\Andrés\Documents\GitHub\machinemanagementsystem\maquinas-medellin-frontend\app.py:306]
2026-01-14 19:57:20,866 INFO:    User: root [in c:\Users\Andrés\Documents\GitHub\machinemanagementsystem\maquinas-medellin-frontend\app.py:307]
2026-01-14 19:57:20,867 INFO:    Database: maquinasmedellin [in c:\Users\Andrés\Documents\GitHub\machinemanagementsystem\maquinas-medellin-frontend\app.py:308]
2026-01-14 19:57:20,867 INFO:    Port: 3306 [in c:\Users\Andrés\Documents\GitHub\machinemanagementsystem\maquinas-medellin-frontend\app.py:309]
2026-01-14 19:57:56,494 ERROR: Error obteniendo socio actual: 1054 (42S22): Unknown column 'user_id' in 'where clause' [in c:\Users\Andrés\Documents\GitHub\machinemanagementsystem\maquinas-medellin-frontend\app.py:6378]
2026-01-14 19:58:19,127 INFO: Usuario Juan Socio cerró sesión [in c:\Users\Andrés\Documents\GitHub\machinemanagementsystem\maquinas-medellin-frontend\app.py:581]
2026-01-14 19:58:31,096 INFO: Dashboard stats: 0.0 ingresos, 0 paquetes [in c:\Users\Andrés\Documents\GitHub\machinemanagementsystem\maquinas-medellin-frontend\app.py:4418]
2026-01-14 19:58:34,751 INFO: Dashboard stats: 0.0 ingresos, 0 paquetes [in c:\Users\Andrés\Documents\GitHub\machinemanagementsystem\maquinas-medellin-frontend\app.py:4418]
2026-01-14 19:58:35,592 INFO: Dashboard stats: 0.0 ingresos, 0 paquetes [in c:\Users\Andrés\Documents\GitHub\machinemanagementsystem\maquinas-medellin-frontend\app.py:4418]
