2025-12-26 16:38:46,256 INFO: Iniciando aplicación Máquinas Medellín [in c:\Users\Andrés\Documents\GitHub\machinemanagementsystem\maquinas-medellin-frontend\app.py:64]
2025-12-26 16:38:46,267 INFO:    Host: localhost [in c:\Users\Andrés\Documents\GitHub\machinemanagementsystem\maquinas-medellin-frontend\app.py:305]
2025-12-26 16:38:46,268 INFO:    User: root [in c:\Users\Andrés\Documents\GitHub\machinemanagementsystem\maquinas-medellin-frontend\app.py:306]
2025-12-26 16:38:46,268 INFO:    Database: maquinasmedellin [in c:\Users\Andrés\Documents\GitHub\machinemanagementsystem\maquinas-medellin-frontend\app.py:307]
2025-12-26 16:38:46,268 INFO:    Port: 3306 [in c:\Users\Andrés\Documents\GitHub\machinemanagementsystem\maquinas-medellin-frontend\app.py:308]
2025-12-26 16:38:47,118 INFO: Iniciando aplicación Máquinas Medellín [in c:\Users\Andrés\Documents\GitHub\machinemanagementsystem\maquinas-medellin-frontend\app.py:64]
2025-12-26 16:38:47,125 INFO:    Host: localhost [in c:\Users\Andrés\Documents\GitHub\machinemanagementsystem\maquinas-medellin-frontend\app.py:305]
2025-12-26 16:38:47,125 INFO:    User: root [in c:\Users\Andrés\Documents\GitHub\machinemanagementsystem\maquinas-medellin-frontend\app.py:306]
2025-12-26 16:38:47,125 INFO:    Database: maquinasmedellin [in c:\Users\Andrés\Documents\GitHub\machinemanagementsystem\maquinas-medellin-frontend\app.py:307]
2025-12-26 16:38:47,126 INFO:    Port: 3306 [in c:\Users\Andrés\Documents\GitHub\machinemanagementsystem\maquinas-medellin-frontend\app.py:308]
2025-12-26 16:38:55,064 INFO: Historial obtenido: 7 registros [in c:\Users\Andrés\Documents\GitHub\machinemanagementsystem\maquinas-medellin-frontend\app.py:1711]
2025-12-26 16:38:55,076 INFO: Ventas del día 2025-12-26: 4 ventas [in c:\Users\Andrés\Documents\GitHub\machinemanagementsystem\maquinas-medellin-frontend\app.py:1880]
2025-12-26 16:38:55,077 INFO: Contador global vendidos: 4 QR vendidos hoy [in c:\Users\Andrés\Documents\GitHub\machinemanagementsystem\maquinas-medellin-frontend\app.py:3732]
2025-12-26 16:39:05,094 INFO: Ventas del día 2025-12-26: 4 ventas [in c:\Users\Andrés\Documents\GitHub\machinemanagementsystem\maquinas-medellin-frontend\app.py:1880]
2025-12-26 16:39:05,094 INFO: Contador global vendidos: 4 QR vendidos hoy [in c:\Users\Andrés\Documents\GitHub\machinemanagementsystem\maquinas-medellin-frontend\app.py:3732]
2025-12-26 16:39:06,780 INFO: Guardando 1 QR con paquete P9 - Paquete P9 [in c:\Users\Andrés\Documents\GitHub\machinemanagementsystem\maquinas-medellin-frontend\app.py:1366]
2025-12-26 16:39:06,801 INFO: Contador diario actualizado para 2025-12-26 [in c:\Users\Andrés\Documents\GitHub\machinemanagementsystem\maquinas-medellin-frontend\app.py:4281]
2025-12-26 16:39:06,802 INFO: 1 QR generados y asignados al paquete P9 - Paquete P9 [in c:\Users\Andrés\Documents\GitHub\machinemanagementsystem\maquinas-medellin-frontend\app.py:1444]
2025-12-26 16:39:12,087 INFO: Historial obtenido: 8 registros [in c:\Users\Andrés\Documents\GitHub\machinemanagementsystem\maquinas-medellin-frontend\app.py:1711]
2025-12-26 16:39:12,088 INFO: Ventas del día 2025-12-26: 5 ventas [in c:\Users\Andrés\Documents\GitHub\machinemanagementsystem\maquinas-medellin-frontend\app.py:1880]
2025-12-26 16:39:12,088 INFO: Contador global vendidos: 5 QR vendidos hoy [in c:\Users\Andrés\Documents\GitHub\machinemanagementsystem\maquinas-medellin-frontend\app.py:3732]
2025-12-26 16:39:22,755 INFO: Ventas del día 2025-12-26: 5 ventas [in c:\Users\Andrés\Documents\GitHub\machinemanagementsystem\maquinas-medellin-frontend\app.py:1880]
2025-12-26 16:39:22,755 INFO: Contador global vendidos: 5 QR vendidos hoy [in c:\Users\Andrés\Documents\GitHub\machinemanagementsystem\maquinas-medellin-frontend\app.py:3732]
2025-12-26 16:39:27,712 INFO: Ventas del día 2025-12-26: 5 ventas [in c:\Users\Andrés\Documents\GitHub\machinemanagementsystem\maquinas-medellin-frontend\app.py:1880]
2025-12-26 16:39:27,713 INFO: Historial obtenido: 8 registros [in c:\Users\Andrés\Documents\GitHub\machinemanagementsystem\maquinas-medellin-frontend\app.py:1711]
2025-12-26 16:39:27,713 INFO: Contador global vendidos: 5 QR vendidos hoy [in c:\Users\Andrés\Documents\GitHub\machinemanagementsystem\maquinas-medellin-frontend\app.py:3732]
2025-12-26 16:39:37,733 INFO: Ventas del día 2025-12-26: 5 ventas [in c:\Users\Andrés\Documents\GitHub\machinemanagementsystem\maquinas-medellin-frontend\app.py:1880]
2025-12-26 16:39:37,736 INFO: Contador global vendidos: 5 QR vendidos hoy [in c:\Users\Andrés\Documents\GitHub\machinemanagementsystem\maquinas-medellin-frontend\app.py:3732]
2025-12-26 16:59:48,908 INFO: Historial obtenido: 8 registros [in c:\Users\Andrés\Documents\GitHub\machinemanagementsystem\maquinas-medellin-frontend\app.py:1711]
2025-12-26 16:59:48,909 INFO: Contador global vendidos: 5 QR vendidos hoy [in c:\Users\Andrés\Documents\GitHub\machinemanagementsystem\maquinas-medellin-frontend\app.py:3732]
2025-12-26 16:59:48,910 INFO: Ventas del día 2025-12-26: 5 ventas [in c:\Users\Andrés\Documents\GitHub\machinemanagementsystem\maquinas-medellin-frontend\app.py:1880]
2025-12-26 17:02:02,602 INFO: Historial obtenido: 8 registros [in c:\Users\Andrés\Documents\GitHub\machinemanagementsystem\maquinas-medellin-frontend\app.py:1711]
2025-12-26 17:02:02,603 INFO: Contador global vendidos: 5 QR vendidos hoy [in c:\Users\Andrés\Documents\GitHub\machinemanagementsystem\maquinas-medellin-frontend\app.py:3732]
2025-12-26 17:02:02,603 INFO: Ventas del día 2025-12-26: 5 ventas [in c:\Users\Andrés\Documents\GitHub\machinemanagementsystem\maquinas-medellin-frontend\app.py:1880]
2025-12-26 17:02:41,846 INFO: Iniciando aplicación Máquinas Medellín [in c:\Users\Andrés\Documents\GitHub\machinemanagementsystem\maquinas-medellin-frontend\app.py:64]
2025-12-26 17:02:41,913 INFO:    Host: localhost [in c:\Users\Andrés\Documents\GitHub\machinemanagementsystem\maquinas-medellin-frontend\app.py:305]
2025-12-26 17:02:41,913 INFO:    User: root [in c:\Users\Andrés\Documents\GitHub\machinemanagementsystem\maquinas-medellin-frontend\app.py:306]
2025-12-26 17:02:41,914 INFO:    Database: maquinasmedellin [in c:\Users\Andrés\Documents\GitHub\machinemanagementsystem\maquinas-medellin-frontend\app.py:307]
2025-12-26 17:02:41,914 INFO:    Port: 3306 [in c:\Users\Andrés\Documents\GitHub\machinemanagementsystem\maquinas-medellin-frontend\app.py:308]
2025-12-26 17:02:47,335 INFO: Historial obtenido: 8 registros [in c:\Users\Andrés\Documents\GitHub\machinemanagementsystem\maquinas-medellin-frontend\app.py:1711]
2025-12-26 17:02:47,348 INFO: Ventas del día 2025-12-26: 5 ventas [in c:\Users\Andrés\Documents\GitHub\machinemanagementsystem\maquinas-medellin-frontend\app.py:1880]
2025-12-26 17:02:47,349 INFO: Contador global vendidos: 5 QR vendidos hoy [in c:\Users\Andrés\Documents\GitHub\machinemanagementsystem\maquinas-medellin-frontend\app.py:3732]
2025-12-26 17:02:54,388 INFO: Historial obtenido: 8 registros [in c:\Users\Andrés\Documents\GitHub\machinemanagementsystem\maquinas-medellin-frontend\app.py:1711]
2025-12-26 17:02:54,388 INFO: Ventas del día 2025-12-26: 5 ventas [in c:\Users\Andrés\Documents\GitHub\machinemanagementsystem\maquinas-medellin-frontend\app.py:1880]
2025-12-26 17:02:54,389 INFO: Contador global vendidos: 5 QR vendidos hoy [in c:\Users\Andrés\Documents\GitHub\machinemanagementsystem\maquinas-medellin-frontend\app.py:3732]
2025-12-26 17:03:02,983 INFO: Obteniendo historial para QR: QR011 [in c:\Users\Andrés\Documents\GitHub\machinemanagementsystem\maquinas-medellin-frontend\app.py:1732]
2025-12-26 17:03:02,988 INFO: Historial obtenido para QR011: 1 registros [in c:\Users\Andrés\Documents\GitHub\machinemanagementsystem\maquinas-medellin-frontend\app.py:1773]
2025-12-26 17:03:04,391 INFO: Contador global vendidos: 5 QR vendidos hoy [in c:\Users\Andrés\Documents\GitHub\machinemanagementsystem\maquinas-medellin-frontend\app.py:3732]
2025-12-26 17:03:04,392 INFO: Ventas del día 2025-12-26: 5 ventas [in c:\Users\Andrés\Documents\GitHub\machinemanagementsystem\maquinas-medellin-frontend\app.py:1880]
2025-12-26 17:03:14,748 INFO: Ventas del día 2025-12-26: 5 ventas [in c:\Users\Andrés\Documents\GitHub\machinemanagementsystem\maquinas-medellin-frontend\app.py:1880]
2025-12-26 17:03:14,749 INFO: Contador global vendidos: 5 QR vendidos hoy [in c:\Users\Andrés\Documents\GitHub\machinemanagementsystem\maquinas-medellin-frontend\app.py:3732]
2025-12-26 17:03:24,744 INFO: Ventas del día 2025-12-26: 5 ventas [in c:\Users\Andrés\Documents\GitHub\machinemanagementsystem\maquinas-medellin-frontend\app.py:1880]
2025-12-26 17:03:24,744 INFO: Contador global vendidos: 5 QR vendidos hoy [in c:\Users\Andrés\Documents\GitHub\machinemanagementsystem\maquinas-medellin-frontend\app.py:3732]
2025-12-26 17:03:34,753 INFO: Contador global vendidos: 5 QR vendidos hoy [in c:\Users\Andrés\Documents\GitHub\machinemanagementsystem\maquinas-medellin-frontend\app.py:3732]
2025-12-26 17:03:34,754 INFO: Ventas del día 2025-12-26: 5 ventas [in c:\Users\Andrés\Documents\GitHub\machinemanagementsystem\maquinas-medellin-frontend\app.py:1880]
2025-12-26 17:03:44,735 INFO: Ventas del día 2025-12-26: 5 ventas [in c:\Users\Andrés\Documents\GitHub\machinemanagementsystem\maquinas-medellin-frontend\app.py:1880]
2025-12-26 17:03:44,735 INFO: Contador global vendidos: 5 QR vendidos hoy [in c:\Users\Andrés\Documents\GitHub\machinemanagementsystem\maquinas-medellin-frontend\app.py:3732]
2025-12-26 17:03:54,352 INFO: Historial obtenido: 8 registros [in c:\Users\Andrés\Documents\GitHub\machinemanagementsystem\maquinas-medellin-frontend\app.py:1711]
2025-12-26 17:03:54,352 INFO: Ventas del día 2025-12-26: 5 ventas [in c:\Users\Andrés\Documents\GitHub\machinemanagementsystem\maquinas-medellin-frontend\app.py:1880]
2025-12-26 17:03:54,359 INFO: Contador global vendidos: 5 QR vendidos hoy [in c:\Users\Andrés\Documents\GitHub\machinemanagementsystem\maquinas-medellin-frontend\app.py:3732]
2025-12-26 17:04:04,375 INFO: Contador global vendidos: 5 QR vendidos hoy [in c:\Users\Andrés\Documents\GitHub\machinemanagementsystem\maquinas-medellin-frontend\app.py:3732]
